Arguments: 
  /usr/bin/node /usr/bin/yarn

PATH: 
  /usr/local/sbin:/usr/local/bin:/usr/sbin:/usr/bin:/sbin:/bin:/usr/games:/usr/local/games

Yarn version: 
  1.5.1

Node version: 
  8.10.0

Platform: 
  linux x64

npm manifest: 
  {
    "name": "adonisjs-hackathon-starter",
    "version": "4.0.0",
    "adonis-version": "4.0.14",
    "main": "index.js",
    "scripts": {
      "start": "node server.js",
      "test": "node ace test",
      "lint": "standard"
    },
    "keywords": [
      "adonisjs",
      "adonis-app"
    ],
    "author": "Ayeni Olusegun<nsegun5@gmail.com>",
    "license": "UNLICENSED",
    "private": true,
    "dependencies": {
      "@adonisjs/ace": "^4.0.8",
      "@adonisjs/ally": "git+https://github.com/iamraphson/adonis-ally.git#bitbucket-develop",
      "@adonisjs/auth": "^2.0.11",
      "@adonisjs/bodyparser": "^1.0.8",
      "@adonisjs/cors": "^1.0.5",
      "@adonisjs/drive": "^1.0.1",
      "@adonisjs/fold": "^4.0.7",
      "@adonisjs/framework": "^4.0.31",
      "@adonisjs/ignitor": "^1.0.14",
      "@adonisjs/lucid": "^4.1.3",
      "@adonisjs/mail": "^3.0.5",
      "@adonisjs/session": "^1.0.20",
      "@adonisjs/shield": "^1.0.6",
      "@adonisjs/validator": "^4.0.9",
      "@slack/client": "^3.16.0",
      "async": "^2.6.0",
      "blueimp-md5": "^2.10.0",
      "cheerio": "^1.0.0-rc.2",
      "clockwork": "^0.1.4",
      "cloudinary": "^1.9.1",
      "csvtojson": "^1.1.9",
      "fbgraph": "^1.4.1",
      "github": "^10.1.0",
      "glob": "^7.1.2",
      "hashids": "^1.1.4",
      "inliner": "^1.13.1",
      "instagram-node": "^0.5.8",
      "jQuery": "^1.7.4",
      "lastfm": "^0.9.2",
      "lob": "^4.1.1",
      "moment": "^2.20.1",
      "mysql": "^2.15.0",
      "node-foursquare": "^0.3.2",
      "node-linkedin": "^0.5.6",
      "node-meraki-dashboard": "0.0.6",
      "papaparse": "^4.3.7",
      "paypal-rest-sdk": "^1.8.1",
      "pg": "^7.4.1",
      "rand-token": "^0.3.0",
      "request": "^2.83.0",
      "shelljs": "^0.8.1",
      "stripe": "^4.25.0",
      "system-proxy": "^2.0.0",
      "tumblr.js": "^1.1.1",
      "twit": "^2.2.9",
      "yargs": "^11.0.0"
    },
    "devDependencies": {
      "standard": "^10.0.3",
      "webpack": "^3.11.0"
    },
    "standard": {
      "globals": [
        "use",
        "make"
      ]
    },
    "engines": {
      "node": "8.1.x",
      "npm": "5.4.X"
    }
  }

yarn manifest: 
  No manifest

Lockfile: 
  No lockfile

Trace: 
  Error: Found incompatible module
      at new MessageError (/usr/lib/node_modules/yarn/lib/cli.js:186:110)
      at Object.checkOne (/usr/lib/node_modules/yarn/lib/cli.js:62444:11)
      at /usr/lib/node_modules/yarn/lib/cli.js:22773:75
      at Generator.next (<anonymous>)
      at step (/usr/lib/node_modules/yarn/lib/cli.js:98:30)
      at /usr/lib/node_modules/yarn/lib/cli.js:116:14
      at new Promise (<anonymous>)
      at new F (/usr/lib/node_modules/yarn/lib/cli.js:23451:28)
      at /usr/lib/node_modules/yarn/lib/cli.js:95:12
      at /usr/lib/node_modules/yarn/lib/cli.js:22777:27
